16/03/30 03:56:39 INFO client.RMProxy: Connecting to ResourceManager at ec2-52-36-82-211.us-west-2.compute.amazonaws.com/172.31.6.22:9050
16/03/30 03:56:40 WARN mapreduce.JobResourceUploader: Hadoop command-line option parsing not performed. Implement the Tool interface and execute your application with ToolRunner to remedy this.
16/03/30 03:56:40 INFO input.FileInputFormat: Total input paths to process : 1
16/03/30 03:56:40 INFO mapreduce.JobSubmitter: number of splits:75
16/03/30 03:56:40 INFO Configuration.deprecation: mapred.textoutputformat.separator is deprecated. Instead, use mapreduce.output.textoutputformat.separator
16/03/30 03:56:41 INFO mapreduce.JobSubmitter: Submitting tokens for job: job_1459309616944_0001
16/03/30 03:56:41 INFO impl.YarnClientImpl: Submitted application application_1459309616944_0001
16/03/30 03:56:41 INFO mapreduce.Job: The url to track the job: http://ec2-52-36-82-211.us-west-2.compute.amazonaws.com:9006/proxy/application_1459309616944_0001/
16/03/30 03:56:41 INFO mapreduce.Job: Running job: job_1459309616944_0001
16/03/30 03:56:51 INFO mapreduce.Job: Job job_1459309616944_0001 running in uber mode : false
16/03/30 03:56:51 INFO mapreduce.Job:  map 0% reduce 0%
16/03/30 03:57:23 INFO mapreduce.Job:  map 1% reduce 0%
16/03/30 03:57:24 INFO mapreduce.Job:  map 2% reduce 0%
16/03/30 03:57:27 INFO mapreduce.Job:  map 3% reduce 0%
16/03/30 03:57:34 INFO mapreduce.Job:  map 4% reduce 0%
16/03/30 03:57:47 INFO mapreduce.Job:  map 5% reduce 0%
16/03/30 03:58:01 INFO mapreduce.Job:  map 6% reduce 0%
16/03/30 03:58:05 INFO mapreduce.Job:  map 7% reduce 0%
16/03/30 03:58:09 INFO mapreduce.Job:  map 8% reduce 0%
16/03/30 03:58:41 INFO mapreduce.Job:  map 9% reduce 0%
16/03/30 03:58:45 INFO mapreduce.Job:  map 10% reduce 0%
16/03/30 03:58:47 INFO mapreduce.Job:  map 11% reduce 0%
16/03/30 03:58:51 INFO mapreduce.Job:  map 12% reduce 0%
16/03/30 03:59:05 INFO mapreduce.Job:  map 13% reduce 0%
16/03/30 03:59:16 INFO mapreduce.Job:  map 14% reduce 0%
16/03/30 03:59:22 INFO mapreduce.Job:  map 15% reduce 0%
16/03/30 03:59:27 INFO mapreduce.Job:  map 16% reduce 0%
16/03/30 03:59:55 INFO mapreduce.Job:  map 17% reduce 0%
16/03/30 04:00:00 INFO mapreduce.Job:  map 18% reduce 0%
16/03/30 04:00:03 INFO mapreduce.Job:  map 19% reduce 0%
16/03/30 04:00:07 INFO mapreduce.Job:  map 20% reduce 0%
16/03/30 04:00:22 INFO mapreduce.Job:  map 21% reduce 0%
16/03/30 04:00:26 INFO mapreduce.Job:  map 22% reduce 0%
16/03/30 04:00:38 INFO mapreduce.Job:  map 23% reduce 0%
16/03/30 04:00:42 INFO mapreduce.Job:  map 24% reduce 0%
16/03/30 04:01:07 INFO mapreduce.Job:  map 24% reduce 1%
16/03/30 04:01:09 INFO mapreduce.Job:  map 25% reduce 1%
16/03/30 04:01:13 INFO mapreduce.Job:  map 25% reduce 2%
16/03/30 04:01:18 INFO mapreduce.Job:  map 26% reduce 2%
16/03/30 04:01:22 INFO mapreduce.Job:  map 27% reduce 2%
16/03/30 04:01:23 INFO mapreduce.Job:  map 27% reduce 3%
16/03/30 04:01:29 INFO mapreduce.Job:  map 27% reduce 4%
16/03/30 04:01:35 INFO mapreduce.Job:  map 28% reduce 4%
16/03/30 04:01:40 INFO mapreduce.Job:  map 29% reduce 4%
16/03/30 04:01:41 INFO mapreduce.Job:  map 29% reduce 5%
16/03/30 04:01:51 INFO mapreduce.Job:  map 30% reduce 5%
16/03/30 04:01:55 INFO mapreduce.Job:  map 31% reduce 5%
16/03/30 04:01:59 INFO mapreduce.Job:  map 31% reduce 6%
16/03/30 04:02:03 INFO mapreduce.Job:  map 31% reduce 7%
16/03/30 04:02:09 INFO mapreduce.Job:  map 31% reduce 8%
16/03/30 04:02:15 INFO mapreduce.Job:  map 31% reduce 9%
16/03/30 04:02:22 INFO mapreduce.Job:  map 31% reduce 10%
16/03/30 04:02:27 INFO mapreduce.Job:  map 32% reduce 10%
16/03/30 04:02:31 INFO mapreduce.Job:  map 33% reduce 10%
16/03/30 04:02:37 INFO mapreduce.Job:  map 34% reduce 10%
16/03/30 04:02:51 INFO mapreduce.Job:  map 35% reduce 10%
16/03/30 04:03:06 INFO mapreduce.Job:  map 36% reduce 10%
16/03/30 04:03:10 INFO mapreduce.Job:  map 37% reduce 10%
16/03/30 04:03:18 INFO mapreduce.Job:  map 37% reduce 11%
16/03/30 04:03:25 INFO mapreduce.Job:  map 37% reduce 12%
16/03/30 04:03:38 INFO mapreduce.Job:  map 38% reduce 12%
16/03/30 04:03:46 INFO mapreduce.Job:  map 39% reduce 12%
16/03/30 04:03:50 INFO mapreduce.Job:  map 40% reduce 12%
16/03/30 04:04:01 INFO mapreduce.Job:  map 41% reduce 12%
16/03/30 04:04:12 INFO mapreduce.Job:  map 42% reduce 12%
16/03/30 04:04:22 INFO mapreduce.Job:  map 43% reduce 12%
16/03/30 04:04:29 INFO mapreduce.Job:  map 44% reduce 12%
16/03/30 04:04:33 INFO mapreduce.Job:  map 44% reduce 13%
16/03/30 04:04:39 INFO mapreduce.Job:  map 44% reduce 14%
16/03/30 04:04:45 INFO mapreduce.Job:  map 44% reduce 15%
16/03/30 04:04:58 INFO mapreduce.Job:  map 45% reduce 15%
16/03/30 04:05:02 INFO mapreduce.Job:  map 46% reduce 15%
16/03/30 04:05:08 INFO mapreduce.Job:  map 47% reduce 15%
16/03/30 04:05:22 INFO mapreduce.Job:  map 48% reduce 15%
16/03/30 04:05:34 INFO mapreduce.Job:  map 49% reduce 15%
16/03/30 04:05:41 INFO mapreduce.Job:  map 50% reduce 15%
16/03/30 04:05:50 INFO mapreduce.Job:  map 51% reduce 15%
16/03/30 04:05:54 INFO mapreduce.Job:  map 51% reduce 16%
16/03/30 04:06:03 INFO mapreduce.Job:  map 51% reduce 17%
16/03/30 04:06:19 INFO mapreduce.Job:  map 52% reduce 17%
16/03/30 04:06:23 INFO mapreduce.Job:  map 53% reduce 17%
16/03/30 04:06:30 INFO mapreduce.Job:  map 54% reduce 17%
16/03/30 04:06:42 INFO mapreduce.Job:  map 55% reduce 17%
16/03/30 04:06:55 INFO mapreduce.Job:  map 56% reduce 17%
16/03/30 04:07:01 INFO mapreduce.Job:  map 57% reduce 17%
16/03/30 04:07:14 INFO mapreduce.Job:  map 57% reduce 18%
16/03/30 04:07:20 INFO mapreduce.Job:  map 57% reduce 19%
16/03/30 04:07:32 INFO mapreduce.Job:  map 58% reduce 19%
16/03/30 04:07:39 INFO mapreduce.Job:  map 59% reduce 19%
16/03/30 04:07:43 INFO mapreduce.Job:  map 60% reduce 19%
16/03/30 04:07:55 INFO mapreduce.Job:  map 61% reduce 19%
16/03/30 04:08:04 INFO mapreduce.Job:  map 62% reduce 19%
16/03/30 04:08:14 INFO mapreduce.Job:  map 63% reduce 19%
16/03/30 04:08:17 INFO mapreduce.Job:  map 64% reduce 19%
16/03/30 04:08:23 INFO mapreduce.Job:  map 64% reduce 20%
16/03/30 04:08:29 INFO mapreduce.Job:  map 64% reduce 21%
16/03/30 04:08:50 INFO mapreduce.Job:  map 65% reduce 21%
16/03/30 04:08:53 INFO mapreduce.Job:  map 66% reduce 21%
16/03/30 04:08:56 INFO mapreduce.Job:  map 67% reduce 21%
16/03/30 04:09:13 INFO mapreduce.Job:  map 68% reduce 21%
16/03/30 04:09:25 INFO mapreduce.Job:  map 69% reduce 21%
16/03/30 04:09:31 INFO mapreduce.Job:  map 70% reduce 21%
16/03/30 04:09:40 INFO mapreduce.Job:  map 71% reduce 21%
16/03/30 04:09:43 INFO mapreduce.Job:  map 71% reduce 22%
16/03/30 04:09:46 INFO mapreduce.Job:  map 71% reduce 23%
16/03/30 04:09:52 INFO mapreduce.Job:  map 71% reduce 24%
16/03/30 04:10:08 INFO mapreduce.Job:  map 72% reduce 24%
16/03/30 04:10:12 INFO mapreduce.Job:  map 73% reduce 24%
16/03/30 04:10:17 INFO mapreduce.Job:  map 74% reduce 24%
16/03/30 04:10:31 INFO mapreduce.Job:  map 75% reduce 24%
16/03/30 04:10:41 INFO mapreduce.Job:  map 76% reduce 24%
16/03/30 04:10:45 INFO mapreduce.Job:  map 77% reduce 24%
16/03/30 04:10:54 INFO mapreduce.Job:  map 77% reduce 25%
16/03/30 04:11:01 INFO mapreduce.Job:  map 77% reduce 26%
16/03/30 04:11:14 INFO mapreduce.Job:  map 78% reduce 26%
16/03/30 04:11:20 INFO mapreduce.Job:  map 79% reduce 26%
16/03/30 04:11:23 INFO mapreduce.Job:  map 80% reduce 26%
16/03/30 04:11:39 INFO mapreduce.Job:  map 81% reduce 26%
16/03/30 04:11:43 INFO mapreduce.Job:  map 82% reduce 26%
16/03/30 04:11:56 INFO mapreduce.Job:  map 83% reduce 26%
16/03/30 04:12:02 INFO mapreduce.Job:  map 84% reduce 26%
16/03/30 04:12:15 INFO mapreduce.Job:  map 84% reduce 27%
16/03/30 04:12:18 INFO mapreduce.Job:  map 84% reduce 28%
16/03/30 04:12:36 INFO mapreduce.Job:  map 85% reduce 28%
16/03/30 04:12:39 INFO mapreduce.Job:  map 86% reduce 28%
16/03/30 04:12:43 INFO mapreduce.Job:  map 87% reduce 28%
16/03/30 04:12:55 INFO mapreduce.Job:  map 88% reduce 28%
16/03/30 04:13:05 INFO mapreduce.Job:  map 89% reduce 28%
16/03/30 04:13:11 INFO mapreduce.Job:  map 90% reduce 28%
16/03/30 04:13:14 INFO mapreduce.Job:  map 91% reduce 28%
16/03/30 04:13:23 INFO mapreduce.Job:  map 91% reduce 29%
16/03/30 04:13:29 INFO mapreduce.Job:  map 91% reduce 30%
16/03/30 04:13:46 INFO mapreduce.Job:  map 92% reduce 30%
16/03/30 04:13:50 INFO mapreduce.Job:  map 93% reduce 30%
16/03/30 04:13:54 INFO mapreduce.Job:  map 94% reduce 30%
16/03/30 04:14:09 INFO mapreduce.Job:  map 95% reduce 30%
16/03/30 04:14:25 INFO mapreduce.Job:  map 96% reduce 30%
16/03/30 04:14:30 INFO mapreduce.Job:  map 97% reduce 30%
16/03/30 04:14:40 INFO mapreduce.Job:  map 97% reduce 31%
16/03/30 04:14:46 INFO mapreduce.Job:  map 97% reduce 32%
16/03/30 04:14:53 INFO mapreduce.Job:  map 98% reduce 32%
16/03/30 04:14:56 INFO mapreduce.Job:  map 99% reduce 32%
16/03/30 04:15:08 INFO mapreduce.Job:  map 100% reduce 32%
16/03/30 04:15:10 INFO mapreduce.Job:  map 100% reduce 33%
16/03/30 04:15:31 INFO mapreduce.Job:  map 100% reduce 37%
16/03/30 04:15:34 INFO mapreduce.Job:  map 100% reduce 56%
16/03/30 04:15:37 INFO mapreduce.Job:  map 100% reduce 67%
16/03/30 04:15:46 INFO mapreduce.Job:  map 100% reduce 68%
16/03/30 04:15:52 INFO mapreduce.Job:  map 100% reduce 69%
16/03/30 04:15:58 INFO mapreduce.Job:  map 100% reduce 70%
16/03/30 04:16:05 INFO mapreduce.Job:  map 100% reduce 71%
16/03/30 04:16:08 INFO mapreduce.Job:  map 100% reduce 72%
16/03/30 04:16:14 INFO mapreduce.Job:  map 100% reduce 73%
16/03/30 04:16:20 INFO mapreduce.Job:  map 100% reduce 74%
16/03/30 04:16:26 INFO mapreduce.Job:  map 100% reduce 75%
16/03/30 04:16:29 INFO mapreduce.Job:  map 100% reduce 76%
16/03/30 04:16:35 INFO mapreduce.Job:  map 100% reduce 77%
16/03/30 04:16:41 INFO mapreduce.Job:  map 100% reduce 78%
16/03/30 04:16:47 INFO mapreduce.Job:  map 100% reduce 79%
16/03/30 04:16:53 INFO mapreduce.Job:  map 100% reduce 80%
16/03/30 04:16:59 INFO mapreduce.Job:  map 100% reduce 81%
16/03/30 04:17:02 INFO mapreduce.Job:  map 100% reduce 82%
16/03/30 04:17:08 INFO mapreduce.Job:  map 100% reduce 83%
16/03/30 04:17:14 INFO mapreduce.Job:  map 100% reduce 84%
16/03/30 04:17:20 INFO mapreduce.Job:  map 100% reduce 85%
16/03/30 04:17:26 INFO mapreduce.Job:  map 100% reduce 86%
16/03/30 04:17:32 INFO mapreduce.Job:  map 100% reduce 87%
16/03/30 04:17:38 INFO mapreduce.Job:  map 100% reduce 88%
16/03/30 04:17:44 INFO mapreduce.Job:  map 100% reduce 89%
16/03/30 04:17:50 INFO mapreduce.Job:  map 100% reduce 90%
16/03/30 04:17:56 INFO mapreduce.Job:  map 100% reduce 91%
16/03/30 04:18:02 INFO mapreduce.Job:  map 100% reduce 92%
16/03/30 04:18:08 INFO mapreduce.Job:  map 100% reduce 93%
16/03/30 04:18:14 INFO mapreduce.Job:  map 100% reduce 94%
16/03/30 04:18:23 INFO mapreduce.Job:  map 100% reduce 95%
16/03/30 04:18:26 INFO mapreduce.Job:  map 100% reduce 96%
16/03/30 04:18:35 INFO mapreduce.Job:  map 100% reduce 97%
16/03/30 04:18:39 INFO mapreduce.Job:  map 100% reduce 98%
16/03/30 04:18:45 INFO mapreduce.Job:  map 100% reduce 99%
16/03/30 04:18:51 INFO mapreduce.Job:  map 100% reduce 100%
16/03/30 04:18:52 INFO mapreduce.Job: Job job_1459309616944_0001 completed successfully
16/03/30 04:18:53 INFO mapreduce.Job: Counters: 50
	File System Counters
		FILE: Number of bytes read=30256951212
		FILE: Number of bytes written=40465918912
		FILE: Number of read operations=0
		FILE: Number of large read operations=0
		FILE: Number of write operations=0
		HDFS: Number of bytes read=10000313679
		HDFS: Number of bytes written=10000000000
		HDFS: Number of read operations=228
		HDFS: Number of large read operations=0
		HDFS: Number of write operations=2
	Job Counters 
		Killed map tasks=1
		Launched map tasks=76
		Launched reduce tasks=1
		Data-local map tasks=76
		Total time spent by all maps in occupied slots (ms)=5529241
		Total time spent by all reduces in occupied slots (ms)=1090684
		Total time spent by all map tasks (ms)=5529241
		Total time spent by all reduce tasks (ms)=1090684
		Total vcore-milliseconds taken by all map tasks=5529241
		Total vcore-milliseconds taken by all reduce tasks=1090684
		Total megabyte-milliseconds taken by all map tasks=5661942784
		Total megabyte-milliseconds taken by all reduce tasks=1116860416
	Map-Reduce Framework
		Map input records=100000000
		Map output records=100000000
		Map output bytes=10000000000
		Map output materialized bytes=10200000450
		Input split bytes=10575
		Combine input records=100000000
		Combine output records=100000000
		Reduce input groups=100000000
		Reduce shuffle bytes=10200000450
		Reduce input records=100000000
		Reduce output records=100000000
		Spilled Records=396636763
		Shuffled Maps =75
		Failed Shuffles=0
		Merged Map outputs=75
		GC time elapsed (ms)=101062
		CPU time spent (ms)=1700470
		Physical memory (bytes) snapshot=19684028416
		Virtual memory (bytes) snapshot=62917017600
		Total committed heap usage (bytes)=15712911360
	Shuffle Errors
		BAD_ID=0
		CONNECTION=0
		IO_ERROR=0
		WRONG_LENGTH=0
		WRONG_MAP=0
		WRONG_REDUCE=0
	File Input Format Counters 
		Bytes Read=10000303104
	File Output Format Counters 
		Bytes Written=10000000000
