16/03/30 23:16:18 INFO client.RMProxy: Connecting to ResourceManager at ec2-52-36-82-211.us-west-2.compute.amazonaws.com/172.31.6.22:9050
16/03/30 23:16:18 WARN mapreduce.JobResourceUploader: Hadoop command-line option parsing not performed. Implement the Tool interface and execute your application with ToolRunner to remedy this.
16/03/30 23:16:18 INFO input.FileInputFormat: Total input paths to process : 1
16/03/30 23:16:19 INFO mapreduce.JobSubmitter: number of splits:75
16/03/30 23:16:19 INFO Configuration.deprecation: mapred.textoutputformat.separator is deprecated. Instead, use mapreduce.output.textoutputformat.separator
16/03/30 23:16:19 INFO mapreduce.JobSubmitter: Submitting tokens for job: job_1459379192543_0002
16/03/30 23:16:20 INFO impl.YarnClientImpl: Submitted application application_1459379192543_0002
16/03/30 23:16:20 INFO mapreduce.Job: The url to track the job: http://ec2-52-36-82-211.us-west-2.compute.amazonaws.com:9006/proxy/application_1459379192543_0002/
16/03/30 23:16:20 INFO mapreduce.Job: Running job: job_1459379192543_0002
16/03/30 23:16:30 INFO mapreduce.Job: Job job_1459379192543_0002 running in uber mode : false
16/03/30 23:16:30 INFO mapreduce.Job:  map 0% reduce 0%
16/03/30 23:16:44 INFO mapreduce.Job:  map 1% reduce 0%
16/03/30 23:16:47 INFO mapreduce.Job:  map 2% reduce 0%
16/03/30 23:16:50 INFO mapreduce.Job:  map 3% reduce 0%
16/03/30 23:16:51 INFO mapreduce.Job:  map 4% reduce 0%
16/03/30 23:16:54 INFO mapreduce.Job:  map 5% reduce 0%
16/03/30 23:16:56 INFO mapreduce.Job:  map 6% reduce 0%
16/03/30 23:16:58 INFO mapreduce.Job:  map 7% reduce 0%
16/03/30 23:16:59 INFO mapreduce.Job:  map 8% reduce 0%
16/03/30 23:17:01 INFO mapreduce.Job:  map 9% reduce 0%
16/03/30 23:17:03 INFO mapreduce.Job:  map 10% reduce 0%
16/03/30 23:17:06 INFO mapreduce.Job:  map 11% reduce 0%
16/03/30 23:17:11 INFO mapreduce.Job:  map 12% reduce 0%
16/03/30 23:17:18 INFO mapreduce.Job:  map 13% reduce 0%
16/03/30 23:17:24 INFO mapreduce.Job:  map 14% reduce 0%
16/03/30 23:17:31 INFO mapreduce.Job:  map 15% reduce 0%
16/03/30 23:17:38 INFO mapreduce.Job:  map 16% reduce 0%
16/03/30 23:17:46 INFO mapreduce.Job:  map 17% reduce 0%
16/03/30 23:17:54 INFO mapreduce.Job:  map 18% reduce 0%
16/03/30 23:17:59 INFO mapreduce.Job:  map 19% reduce 0%
16/03/30 23:18:01 INFO mapreduce.Job:  map 20% reduce 0%
16/03/30 23:18:04 INFO mapreduce.Job:  map 21% reduce 0%
16/03/30 23:18:06 INFO mapreduce.Job:  map 22% reduce 0%
16/03/30 23:18:09 INFO mapreduce.Job:  map 23% reduce 0%
16/03/30 23:18:12 INFO mapreduce.Job:  map 24% reduce 0%
16/03/30 23:18:14 INFO mapreduce.Job:  map 25% reduce 0%
16/03/30 23:18:16 INFO mapreduce.Job:  map 26% reduce 0%
16/03/30 23:18:19 INFO mapreduce.Job:  map 27% reduce 0%
16/03/30 23:18:22 INFO mapreduce.Job:  map 28% reduce 0%
16/03/30 23:18:24 INFO mapreduce.Job:  map 29% reduce 0%
16/03/30 23:18:26 INFO mapreduce.Job:  map 30% reduce 0%
16/03/30 23:18:29 INFO mapreduce.Job:  map 31% reduce 0%
16/03/30 23:18:31 INFO mapreduce.Job:  map 32% reduce 0%
16/03/30 23:18:34 INFO mapreduce.Job:  map 33% reduce 0%
16/03/30 23:18:36 INFO mapreduce.Job:  map 34% reduce 0%
16/03/30 23:18:39 INFO mapreduce.Job:  map 35% reduce 0%
16/03/30 23:18:41 INFO mapreduce.Job:  map 36% reduce 0%
16/03/30 23:18:44 INFO mapreduce.Job:  map 37% reduce 0%
16/03/30 23:18:46 INFO mapreduce.Job:  map 38% reduce 0%
16/03/30 23:18:49 INFO mapreduce.Job:  map 39% reduce 0%
16/03/30 23:18:51 INFO mapreduce.Job:  map 40% reduce 0%
16/03/30 23:18:54 INFO mapreduce.Job:  map 41% reduce 0%
16/03/30 23:18:56 INFO mapreduce.Job:  map 42% reduce 0%
16/03/30 23:18:58 INFO mapreduce.Job:  map 43% reduce 0%
16/03/30 23:19:00 INFO mapreduce.Job:  map 44% reduce 0%
16/03/30 23:19:02 INFO mapreduce.Job:  map 45% reduce 0%
16/03/30 23:19:04 INFO mapreduce.Job:  map 46% reduce 0%
16/03/30 23:19:07 INFO mapreduce.Job:  map 47% reduce 0%
16/03/30 23:19:09 INFO mapreduce.Job:  map 48% reduce 0%
16/03/30 23:19:11 INFO mapreduce.Job:  map 49% reduce 0%
16/03/30 23:19:14 INFO mapreduce.Job:  map 50% reduce 0%
16/03/30 23:19:16 INFO mapreduce.Job:  map 51% reduce 0%
16/03/30 23:19:19 INFO mapreduce.Job:  map 52% reduce 0%
16/03/30 23:19:22 INFO mapreduce.Job:  map 53% reduce 0%
16/03/30 23:19:25 INFO mapreduce.Job:  map 54% reduce 0%
16/03/30 23:19:26 INFO mapreduce.Job:  map 55% reduce 0%
16/03/30 23:19:28 INFO mapreduce.Job:  map 56% reduce 0%
16/03/30 23:19:30 INFO mapreduce.Job:  map 57% reduce 0%
16/03/30 23:19:32 INFO mapreduce.Job:  map 58% reduce 0%
16/03/30 23:19:33 INFO mapreduce.Job:  map 59% reduce 0%
16/03/30 23:19:35 INFO mapreduce.Job:  map 60% reduce 0%
16/03/30 23:19:37 INFO mapreduce.Job:  map 61% reduce 0%
16/03/30 23:19:38 INFO mapreduce.Job:  map 62% reduce 0%
16/03/30 23:19:39 INFO mapreduce.Job:  map 63% reduce 0%
16/03/30 23:19:40 INFO mapreduce.Job:  map 64% reduce 0%
16/03/30 23:19:42 INFO mapreduce.Job:  map 65% reduce 2%
16/03/30 23:19:43 INFO mapreduce.Job:  map 66% reduce 2%
16/03/30 23:19:44 INFO mapreduce.Job:  map 67% reduce 2%
16/03/30 23:19:46 INFO mapreduce.Job:  map 68% reduce 2%
16/03/30 23:19:47 INFO mapreduce.Job:  map 69% reduce 2%
16/03/30 23:19:48 INFO mapreduce.Job:  map 69% reduce 3%
16/03/30 23:19:50 INFO mapreduce.Job:  map 70% reduce 3%
16/03/30 23:19:51 INFO mapreduce.Job:  map 70% reduce 4%
16/03/30 23:19:52 INFO mapreduce.Job:  map 71% reduce 4%
16/03/30 23:19:53 INFO mapreduce.Job:  map 72% reduce 4%
16/03/30 23:19:54 INFO mapreduce.Job:  map 73% reduce 4%
16/03/30 23:19:56 INFO mapreduce.Job:  map 74% reduce 4%
16/03/30 23:19:57 INFO mapreduce.Job:  map 75% reduce 4%
16/03/30 23:19:58 INFO mapreduce.Job:  map 77% reduce 4%
16/03/30 23:19:59 INFO mapreduce.Job:  map 78% reduce 4%
16/03/30 23:20:01 INFO mapreduce.Job:  map 79% reduce 4%
16/03/30 23:20:02 INFO mapreduce.Job:  map 80% reduce 4%
16/03/30 23:20:03 INFO mapreduce.Job:  map 81% reduce 4%
16/03/30 23:20:04 INFO mapreduce.Job:  map 83% reduce 4%
16/03/30 23:20:05 INFO mapreduce.Job:  map 84% reduce 4%
16/03/30 23:20:06 INFO mapreduce.Job:  map 85% reduce 5%
16/03/30 23:20:07 INFO mapreduce.Job:  map 86% reduce 5%
16/03/30 23:20:08 INFO mapreduce.Job:  map 87% reduce 5%
16/03/30 23:20:09 INFO mapreduce.Job:  map 87% reduce 6%
16/03/30 23:20:10 INFO mapreduce.Job:  map 90% reduce 6%
16/03/30 23:20:11 INFO mapreduce.Job:  map 91% reduce 6%
16/03/30 23:20:12 INFO mapreduce.Job:  map 93% reduce 6%
16/03/30 23:20:13 INFO mapreduce.Job:  map 94% reduce 6%
16/03/30 23:20:14 INFO mapreduce.Job:  map 95% reduce 6%
16/03/30 23:20:15 INFO mapreduce.Job:  map 95% reduce 7%
16/03/30 23:20:16 INFO mapreduce.Job:  map 96% reduce 7%
16/03/30 23:20:17 INFO mapreduce.Job:  map 97% reduce 7%
16/03/30 23:20:21 INFO mapreduce.Job:  map 98% reduce 7%
16/03/30 23:20:22 INFO mapreduce.Job:  map 98% reduce 8%
16/03/30 23:20:24 INFO mapreduce.Job:  map 99% reduce 8%
16/03/30 23:20:29 INFO mapreduce.Job:  map 100% reduce 8%
16/03/30 23:20:31 INFO mapreduce.Job:  map 100% reduce 9%
16/03/30 23:20:40 INFO mapreduce.Job:  map 100% reduce 10%
16/03/30 23:20:43 INFO mapreduce.Job:  map 100% reduce 11%
16/03/30 23:21:01 INFO mapreduce.Job:  map 100% reduce 12%
16/03/30 23:21:10 INFO mapreduce.Job:  map 100% reduce 13%
16/03/30 23:21:19 INFO mapreduce.Job:  map 100% reduce 14%
16/03/30 23:21:28 INFO mapreduce.Job:  map 100% reduce 15%
16/03/30 23:21:37 INFO mapreduce.Job:  map 100% reduce 16%
16/03/30 23:21:49 INFO mapreduce.Job:  map 100% reduce 17%
16/03/30 23:21:55 INFO mapreduce.Job:  map 100% reduce 18%
16/03/30 23:22:04 INFO mapreduce.Job:  map 100% reduce 19%
16/03/30 23:22:07 INFO mapreduce.Job:  map 100% reduce 20%
16/03/30 23:22:22 INFO mapreduce.Job:  map 100% reduce 21%
16/03/30 23:22:25 INFO mapreduce.Job:  map 100% reduce 22%
16/03/30 23:22:37 INFO mapreduce.Job:  map 100% reduce 23%
16/03/30 23:22:46 INFO mapreduce.Job:  map 100% reduce 24%
16/03/30 23:22:55 INFO mapreduce.Job:  map 100% reduce 25%
16/03/30 23:23:04 INFO mapreduce.Job:  map 100% reduce 26%
16/03/30 23:23:10 INFO mapreduce.Job:  map 100% reduce 27%
16/03/30 23:23:13 INFO mapreduce.Job:  map 100% reduce 28%
16/03/30 23:23:25 INFO mapreduce.Job:  map 100% reduce 29%
16/03/30 23:23:34 INFO mapreduce.Job:  map 100% reduce 30%
16/03/30 23:23:43 INFO mapreduce.Job:  map 100% reduce 31%
16/03/30 23:23:49 INFO mapreduce.Job:  map 100% reduce 32%
16/03/30 23:29:55 INFO mapreduce.Job:  map 100% reduce 0%
16/03/30 23:30:00 INFO mapreduce.Job:  map 85% reduce 0%
16/03/30 23:30:01 INFO mapreduce.Job:  map 95% reduce 0%
16/03/30 23:30:12 INFO mapreduce.Job:  map 96% reduce 0%
16/03/30 23:30:13 INFO mapreduce.Job:  map 98% reduce 0%
16/03/30 23:30:15 INFO mapreduce.Job:  map 99% reduce 0%
16/03/30 23:30:16 INFO mapreduce.Job:  map 100% reduce 1%
16/03/30 23:30:19 INFO mapreduce.Job:  map 100% reduce 2%
16/03/30 23:30:22 INFO mapreduce.Job:  map 100% reduce 3%
16/03/30 23:30:28 INFO mapreduce.Job:  map 100% reduce 4%
16/03/30 23:30:34 INFO mapreduce.Job:  map 100% reduce 5%
16/03/30 23:30:37 INFO mapreduce.Job:  map 100% reduce 6%
16/03/30 23:30:43 INFO mapreduce.Job:  map 100% reduce 7%
16/03/30 23:30:49 INFO mapreduce.Job:  map 100% reduce 8%
16/03/30 23:30:58 INFO mapreduce.Job:  map 100% reduce 9%
16/03/30 23:31:07 INFO mapreduce.Job:  map 100% reduce 10%
16/03/30 23:31:10 INFO mapreduce.Job:  map 100% reduce 11%
16/03/30 23:31:13 INFO mapreduce.Job:  map 100% reduce 12%
16/03/30 23:31:19 INFO mapreduce.Job:  map 100% reduce 13%
16/03/30 23:31:34 INFO mapreduce.Job:  map 100% reduce 14%
16/03/30 23:31:37 INFO mapreduce.Job:  map 100% reduce 15%
16/03/30 23:31:49 INFO mapreduce.Job:  map 100% reduce 16%
16/03/30 23:31:55 INFO mapreduce.Job:  map 100% reduce 17%
16/03/30 23:32:04 INFO mapreduce.Job:  map 100% reduce 18%
16/03/30 23:32:07 INFO mapreduce.Job:  map 100% reduce 19%
16/03/30 23:32:17 INFO mapreduce.Job:  map 100% reduce 20%
16/03/30 23:32:26 INFO mapreduce.Job:  map 100% reduce 21%
16/03/30 23:32:29 INFO mapreduce.Job:  map 100% reduce 22%
16/03/30 23:32:38 INFO mapreduce.Job:  map 100% reduce 24%
16/03/30 23:32:53 INFO mapreduce.Job:  map 100% reduce 25%
16/03/30 23:32:56 INFO mapreduce.Job:  map 100% reduce 26%
16/03/30 23:33:11 INFO mapreduce.Job:  map 100% reduce 27%
16/03/30 23:33:14 INFO mapreduce.Job:  map 100% reduce 28%
16/03/30 23:33:23 INFO mapreduce.Job:  map 100% reduce 29%
16/03/30 23:33:26 INFO mapreduce.Job:  map 100% reduce 30%
16/03/30 23:33:35 INFO mapreduce.Job:  map 100% reduce 31%
16/03/30 23:33:41 INFO mapreduce.Job:  map 100% reduce 32%
16/03/30 23:35:14 INFO mapreduce.Job:  map 100% reduce 33%
16/03/30 23:36:36 INFO mapreduce.Job:  map 100% reduce 57%
16/03/30 23:36:39 INFO mapreduce.Job:  map 100% reduce 67%
16/03/30 23:36:48 INFO mapreduce.Job:  map 100% reduce 68%
16/03/30 23:36:54 INFO mapreduce.Job:  map 100% reduce 69%
16/03/30 23:36:57 INFO mapreduce.Job:  map 100% reduce 70%
16/03/30 23:37:06 INFO mapreduce.Job:  map 100% reduce 71%
16/03/30 23:37:12 INFO mapreduce.Job:  map 100% reduce 72%
16/03/30 23:37:15 INFO mapreduce.Job:  map 100% reduce 73%
16/03/30 23:37:21 INFO mapreduce.Job:  map 100% reduce 74%
16/03/30 23:37:27 INFO mapreduce.Job:  map 100% reduce 75%
16/03/30 23:37:33 INFO mapreduce.Job:  map 100% reduce 76%
16/03/30 23:37:39 INFO mapreduce.Job:  map 100% reduce 77%
16/03/30 23:37:45 INFO mapreduce.Job:  map 100% reduce 78%
16/03/30 23:37:51 INFO mapreduce.Job:  map 100% reduce 79%
16/03/30 23:37:57 INFO mapreduce.Job:  map 100% reduce 80%
16/03/30 23:38:03 INFO mapreduce.Job:  map 100% reduce 81%
16/03/30 23:38:09 INFO mapreduce.Job:  map 100% reduce 82%
16/03/30 23:38:15 INFO mapreduce.Job:  map 100% reduce 83%
16/03/30 23:38:18 INFO mapreduce.Job:  map 100% reduce 84%
16/03/30 23:38:27 INFO mapreduce.Job:  map 100% reduce 85%
16/03/30 23:38:33 INFO mapreduce.Job:  map 100% reduce 86%
16/03/30 23:38:39 INFO mapreduce.Job:  map 100% reduce 87%
16/03/30 23:38:45 INFO mapreduce.Job:  map 100% reduce 88%
16/03/30 23:38:49 INFO mapreduce.Job:  map 100% reduce 89%
16/03/30 23:38:58 INFO mapreduce.Job:  map 100% reduce 90%
16/03/30 23:39:04 INFO mapreduce.Job:  map 100% reduce 91%
16/03/30 23:39:07 INFO mapreduce.Job:  map 100% reduce 92%
16/03/30 23:39:13 INFO mapreduce.Job:  map 100% reduce 93%
16/03/30 23:39:19 INFO mapreduce.Job:  map 100% reduce 94%
16/03/30 23:39:25 INFO mapreduce.Job:  map 100% reduce 95%
16/03/30 23:39:31 INFO mapreduce.Job:  map 100% reduce 96%
16/03/30 23:39:37 INFO mapreduce.Job:  map 100% reduce 97%
16/03/30 23:39:43 INFO mapreduce.Job:  map 100% reduce 98%
16/03/30 23:39:49 INFO mapreduce.Job:  map 100% reduce 99%
16/03/30 23:39:55 INFO mapreduce.Job:  map 100% reduce 100%
16/03/30 23:39:57 INFO mapreduce.Job: Job job_1459379192543_0002 completed successfully
16/03/30 23:39:57 INFO mapreduce.Job: Counters: 50
	File System Counters
		FILE: Number of bytes read=30256951212
		FILE: Number of bytes written=40465918851
		FILE: Number of read operations=0
		FILE: Number of large read operations=0
		FILE: Number of write operations=0
		HDFS: Number of bytes read=10000313604
		HDFS: Number of bytes written=10000000000
		HDFS: Number of read operations=228
		HDFS: Number of large read operations=0
		HDFS: Number of write operations=2
	Job Counters 
		Killed map tasks=6
		Launched map tasks=82
		Launched reduce tasks=1
		Rack-local map tasks=5
		Total time spent by all maps in occupied slots (ms)=17683542
		Total time spent by all reduces in occupied slots (ms)=594039
		Total time spent by all map tasks (ms)=17683542
		Total time spent by all reduce tasks (ms)=594039
		Total vcore-milliseconds taken by all map tasks=17683542
		Total vcore-milliseconds taken by all reduce tasks=594039
		Total megabyte-milliseconds taken by all map tasks=18107947008
		Total megabyte-milliseconds taken by all reduce tasks=608295936
	Map-Reduce Framework
		Map input records=100000000
		Map output records=100000000
		Map output bytes=10000000000
		Map output materialized bytes=10200000450
		Input split bytes=10500
		Combine input records=100000000
		Combine output records=100000000
		Reduce input groups=100000000
		Reduce shuffle bytes=10200000450
		Reduce input records=100000000
		Reduce output records=100000000
		Spilled Records=396636763
		Shuffled Maps =75
		Failed Shuffles=0
		Merged Map outputs=75
		GC time elapsed (ms)=38240
		CPU time spent (ms)=1363380
		Physical memory (bytes) snapshot=20931784704
		Virtual memory (bytes) snapshot=62911987712
		Total committed heap usage (bytes)=14542700544
	Shuffle Errors
		BAD_ID=0
		CONNECTION=0
		IO_ERROR=0
		WRONG_LENGTH=0
		WRONG_MAP=0
		WRONG_REDUCE=0
	File Input Format Counters 
		Bytes Read=10000303104
	File Output Format Counters 
		Bytes Written=10000000000
